%このファイルは日本語文字を含みます.
\BOOKMARK [1][-]{section.1}{\376\377\000f\000U\000,\000\040\000g\000U\060\156\156\200\060\137\060\131\060\171\060\115\147\141\116\366}{}% 1
\BOOKMARK [1][-]{section.2}{\376\377\123\357\143\333\140\047\147\141\116\366\060\156\122\006\147\220}{}% 2
\BOOKMARK [1][-]{section.3}{\376\377\060\265\060\244\060\257\060\353}{}% 3
\BOOKMARK [2][-]{subsection.3.1}{\376\377\124\014\116\000\060\150\060\177\060\152\060\133\060\213\060\265\060\244\060\257\060\353}{section.3}% 4
\BOOKMARK [2][-]{subsection.3.2}{\376\377\124\014\060\130\122\027\060\156\220\170\142\236}{section.3}% 5
\BOOKMARK [1][-]{section.4}{\376\377\000U\000T\000C\000B\000C}{}% 6
\BOOKMARK [1][-]{section.5}{\376\377\147\141\116\366\000C\060\147\151\034\147\373\060\131\060\213\122\027\060\267\060\374\060\261\060\363\060\271\060\156\120\013\145\160}{}% 7
\BOOKMARK [1][-]{section.6}{\376\377\060\326\060\355\060\303\060\257\060\265\060\244\060\257\060\353\060\114\225\211\060\113\060\151\060\106\060\113\060\156\122\044\133\232}{}% 8
\BOOKMARK [1][-]{section.7}{\376\377\000X\060\153\060\112\060\121\060\213\060\301\060\247\060\303\060\257\060\150\000Z\060\153\060\112\060\121\060\213\060\301\060\247\060\303\060\257\060\156\173\111\117\241\140\047}{}% 9
\BOOKMARK [1][-]{section.8}{\376\377\210\114\122\027\060\222\165\050\060\104\060\137\147\141\116\366\000A\000,\000B\060\222\156\200\060\137\060\131\211\343\172\172\225\223\060\156\162\171\133\232}{}% 10
\BOOKMARK [1][-]{section.9}{\376\377\147\141\116\366\000C\060\156\122\006\147\220}{}% 11
\BOOKMARK [2][-]{subsection.9.1}{\376\377\225\167\060\125\0004\060\156\060\265\060\244\060\257\060\353}{section.9}% 12
\BOOKMARK [1][-]{section.10}{\376\377\0002\0000\0002\0006\000/\0000\0001\000/\0001\0006\060\156\060\274\060\337}{}% 13
\BOOKMARK [2][-]{subsection.10.1}{\376\377\060\123\060\123\060\176\060\147\060\156\220\062\143\127}{section.10}% 14
\BOOKMARK [2][-]{subsection.10.2}{\376\377\060\123\060\214\060\113\060\211\060\156\060\277\060\271\060\257}{section.10}% 15
\BOOKMARK [1][-]{section.11}{\376\377\173\040\116\225\121\110\165\037\060\156\212\326\145\207\000B\000r\000e\000a\000k\000i\000n\000g\000\040\000t\000h\000e\000\040\000O\000r\000t\000h\000o\000g\000o\000n\000a\000l\000i\000t\000y\000\040\000B\000a\000r\000r\000i\000e\000r\000\040\000i\000n\000\040\000Q\000u\000a\000n\000t\000u\000m\000\040\000L\000D\000P\000C\000\040\000C\000o\000d\000e\000s\060\153\060\144\060\104\060\146}{}% 16
\BOOKMARK [2][-]{subsection.11.1}{\376\377\137\223\147\145\060\156\210\114\122\027\060\156\151\313\142\020\145\271\154\325}{section.11}% 17
\BOOKMARK [2][-]{subsection.11.2}{\376\377\145\260\060\127\060\104\210\114\122\027\060\156\151\313\142\020\145\271\154\325}{section.11}% 18
\BOOKMARK [2][-]{subsection.11.3}{\376\377\060\242\060\257\060\306\060\243\060\326\220\350\060\156\166\364\116\244\140\047\060\156\123\101\122\006\147\141\116\366}{section.11}% 19
\BOOKMARK [2][-]{subsection.11.4}{\376\377\157\134\127\050\220\350\060\156\227\136\166\364\116\244\140\047\060\156\137\305\211\201\147\141\116\366}{section.11}% 20
\BOOKMARK [2][-]{subsection.11.5}{\376\377\060\254\060\374\060\272\060\156\116\012\165\114}{section.11}% 21
\BOOKMARK [2][-]{subsection.11.6}{\376\377\210\114\122\027\151\313\173\311\060\156\145\271\154\325}{section.11}% 22
\BOOKMARK [1][-]{section.12}{\376\377\060\123\060\156\212\326\145\207\060\147\060\156\147\141\116\366\060\222\156\200\060\137\060\131\000F\000i\000,\000G\000i\060\156\151\313\142\020}{}% 23
\BOOKMARK [2][-]{subsection.12.1}{\376\377\147\141\116\366\000A\000'}{section.12}% 24
\BOOKMARK [2][-]{subsection.12.2}{\376\377\147\141\116\366\000B\000'}{section.12}% 25
\BOOKMARK [2][-]{subsection.12.3}{\376\377\147\141\116\366\000C\000'}{section.12}% 26
\BOOKMARK [1][-]{appendix.A}{\376\377\133\232\164\006\0005\000.\0001\060\156\212\074\146\016}{}% 27
\BOOKMARK [1][-]{appendix.B}{\376\377\0002\060\156\211\343\060\156\134\016\121\372}{}% 28
